NUM_ITER 300
BATCH_SIZE 50
NUM_BATCH 100
NUM_SNPS 36
L 50000
NUM_CLASSES 2
NUM_CHANNELS 2
{'model': 'im', 'params': 'N1,N2,N_anc,T_split,reco,mig', 'data_h5': None, 'bed': None, 'reco_folder': None, 'grid': None, 'toy': True, 'seed': 1833, 'sample_size': None, 'param_values': None}
NAME	VALUE	MIN	MAX
reco	1.25e-08	1e-09	1e-07
NAME	VALUE	MIN	MAX
N_anc	15000	1000	25000
NAME	VALUE	MIN	MAX
T_split	2000	500	20000
NAME	VALUE	MIN	MAX
mig	0.05	-0.2	0.2
NAME	VALUE	MIN	MAX
N1	9000	1000	30000
NAME	VALUE	MIN	MAX
N2	5000	1000	30000
Model: "two_pop_model"
_________________________________________________________________
 Layer (type)                Output Shape              Param #   
=================================================================
 conv2d (Conv2D)             (None, 99, 32, 32)        352       
                                                                 
 conv2d_1 (Conv2D)           (None, 99, 12, 64)        10304     
                                                                 
 max_pooling2d (MaxPooling2D  multiple                 0         
 )                                                               
                                                                 
 flatten (Flatten)           (None, 384)               0         
                                                                 
 concatenate (Concatenate)   (None, 768)               0         
                                                                 
 dropout (Dropout)           (None, 128)               0         
                                                                 
 dense (Dense)               (None, 128)               98432     
                                                                 
 dense_1 (Dense)             (None, 128)               16512     
                                                                 
 dense_2 (Dense)             (None, 1)                 129       
                                                                 
=================================================================
Total params: 125,729
Trainable params: 125,729
Non-trainable params: 0
_________________________________________________________________
trial 10 [7.118372774235415e-08, 5051.979649574014, 12480.088492825884, 0.061209667268172285, 1614.4605003581084, 21539.764271716656]
params, loss [2.2396018307181352e-08, 10384.529703982602, 14574.347054925789, -0.14168913853067192, 6649.414797932021, 5804.743978514645] 8.852558

ITER 0
time 10:52:33.561004
0 proposal [3.927097965988525e-08, 10384.529703982602, 14574.347054925789, -0.14168913853067192, 6649.414797932021, 5804.743978514645] 9.250581
1 proposal [1.8873248913868065e-08, 10384.529703982602, 14574.347054925789, -0.14168913853067192, 6649.414797932021, 5804.743978514645] 8.697613
2 proposal [2.1189142221406257e-08, 10384.529703982602, 14574.347054925789, -0.14168913853067192, 6649.414797932021, 5804.743978514645] 8.519794
3 proposal [1.4012310929920916e-08, 10384.529703982602, 14574.347054925789, -0.14168913853067192, 6649.414797932021, 5804.743978514645] 9.603863
4 proposal [2.2880702279418602e-08, 10384.529703982602, 14574.347054925789, -0.14168913853067192, 6649.414797932021, 5804.743978514645] 7.888451
5 proposal [2.469980321161336e-08, 10384.529703982602, 14574.347054925789, -0.14168913853067192, 6649.414797932021, 5804.743978514645] 9.160248
6 proposal [2.3581561020514385e-08, 10384.529703982602, 14574.347054925789, -0.14168913853067192, 6649.414797932021, 5804.743978514645] 8.870297
7 proposal [2.1199901850680783e-08, 10384.529703982602, 14574.347054925789, -0.14168913853067192, 6649.414797932021, 5804.743978514645] 9.380476
8 proposal [1.527105611799334e-08, 10384.529703982602, 14574.347054925789, -0.14168913853067192, 6649.414797932021, 5804.743978514645] 9.122229
9 proposal [1.99709986309706e-08, 10384.529703982602, 14574.347054925789, -0.14168913853067192, 6649.414797932021, 5804.743978514645] 8.951768
0 proposal [2.2396018307181352e-08, 9330.482696250987, 14574.347054925789, -0.14168913853067192, 6649.414797932021, 5804.743978514645] 9.209265
1 proposal [2.2396018307181352e-08, 8735.798400961292, 14574.347054925789, -0.14168913853067192, 6649.414797932021, 5804.743978514645] 8.994091
2 proposal [2.2396018307181352e-08, 8924.97355534036, 14574.347054925789, -0.14168913853067192, 6649.414797932021, 5804.743978514645] 9.554104
3 proposal [2.2396018307181352e-08, 13334.867684997964, 14574.347054925789, -0.14168913853067192, 6649.414797932021, 5804.743978514645] 8.04471
4 proposal [2.2396018307181352e-08, 11202.630702098244, 14574.347054925789, -0.14168913853067192, 6649.414797932021, 5804.743978514645] 8.312292
5 proposal [2.2396018307181352e-08, 10497.390106207975, 14574.347054925789, -0.14168913853067192, 6649.414797932021, 5804.743978514645] 8.702268
6 proposal [2.2396018307181352e-08, 8369.345849964217, 14574.347054925789, -0.14168913853067192, 6649.414797932021, 5804.743978514645] 9.802187
7 proposal [2.2396018307181352e-08, 13012.791182333367, 14574.347054925789, -0.14168913853067192, 6649.414797932021, 5804.743978514645] 10.063027
8 proposal [2.2396018307181352e-08, 9884.858735845224, 14574.347054925789, -0.14168913853067192, 6649.414797932021, 5804.743978514645] 9.175243
9 proposal [2.2396018307181352e-08, 8762.509147889761, 14574.347054925789, -0.14168913853067192, 6649.414797932021, 5804.743978514645] 9.801408
0 proposal [2.2396018307181352e-08, 10384.529703982602, 13522.002002589248, -0.14168913853067192, 6649.414797932021, 5804.743978514645] 8.841328
1 proposal [2.2396018307181352e-08, 10384.529703982602, 14611.19787251361, -0.14168913853067192, 6649.414797932021, 5804.743978514645] 9.084384
2 proposal [2.2396018307181352e-08, 10384.529703982602, 15625.840343322008, -0.14168913853067192, 6649.414797932021, 5804.743978514645] 8.67471
3 proposal [2.2396018307181352e-08, 10384.529703982602, 15307.482779387987, -0.14168913853067192, 6649.414797932021, 5804.743978514645] 8.409589
4 proposal [2.2396018307181352e-08, 10384.529703982602, 14945.102973827918, -0.14168913853067192, 6649.414797932021, 5804.743978514645] 9.418519
5 proposal [2.2396018307181352e-08, 10384.529703982602, 14365.626735343027, -0.14168913853067192, 6649.414797932021, 5804.743978514645] 9.088079
6 proposal [2.2396018307181352e-08, 10384.529703982602, 14292.486354835839, -0.14168913853067192, 6649.414797932021, 5804.743978514645] 9.0278635
7 proposal [2.2396018307181352e-08, 10384.529703982602, 13758.20251732684, -0.14168913853067192, 6649.414797932021, 5804.743978514645] 9.488544
8 proposal [2.2396018307181352e-08, 10384.529703982602, 15345.97414565318, -0.14168913853067192, 6649.414797932021, 5804.743978514645] 9.726117
9 proposal [2.2396018307181352e-08, 10384.529703982602, 13674.551166146244, -0.14168913853067192, 6649.414797932021, 5804.743978514645] 9.294758
0 proposal [2.2396018307181352e-08, 10384.529703982602, 14574.347054925789, -0.13555299367336504, 6649.414797932021, 5804.743978514645] 10.115109
1 proposal [2.2396018307181352e-08, 10384.529703982602, 14574.347054925789, -0.09413522816220787, 6649.414797932021, 5804.743978514645] 9.003432
2 proposal [2.2396018307181352e-08, 10384.529703982602, 14574.347054925789, -0.16256101718404276, 6649.414797932021, 5804.743978514645] 8.787824
3 proposal [2.2396018307181352e-08, 10384.529703982602, 14574.347054925789, -0.1410890433067041, 6649.414797932021, 5804.743978514645] 9.278988
4 proposal [2.2396018307181352e-08, 10384.529703982602, 14574.347054925789, -0.11790799353451015, 6649.414797932021, 5804.743978514645] 8.744963
5 proposal [2.2396018307181352e-08, 10384.529703982602, 14574.347054925789, -0.128305218229501, 6649.414797932021, 5804.743978514645] 8.878014
6 proposal [2.2396018307181352e-08, 10384.529703982602, 14574.347054925789, -0.15088739758199984, 6649.414797932021, 5804.743978514645] 9.979676
7 proposal [2.2396018307181352e-08, 10384.529703982602, 14574.347054925789, -0.13352156271008447, 6649.414797932021, 5804.743978514645] 8.665794
8 proposal [2.2396018307181352e-08, 10384.529703982602, 14574.347054925789, -0.1578458758659396, 6649.414797932021, 5804.743978514645] 9.382563
9 proposal [2.2396018307181352e-08, 10384.529703982602, 14574.347054925789, -0.14792764633864067, 6649.414797932021, 5804.743978514645] 6.954375
0 proposal [2.2396018307181352e-08, 10384.529703982602, 14574.347054925789, -0.14168913853067192, 6648.6904184228415, 5804.743978514645] 9.062373
1 proposal [2.2396018307181352e-08, 10384.529703982602, 14574.347054925789, -0.14168913853067192, 8017.91875907136, 5804.743978514645] 8.932273
2 proposal [2.2396018307181352e-08, 10384.529703982602, 14574.347054925789, -0.14168913853067192, 8861.419700953642, 5804.743978514645] 8.589368
3 proposal [2.2396018307181352e-08, 10384.529703982602, 14574.347054925789, -0.14168913853067192, 7750.372972596058, 5804.743978514645] 8.940086
4 proposal [2.2396018307181352e-08, 10384.529703982602, 14574.347054925789, -0.14168913853067192, 6152.535560190717, 5804.743978514645] 8.584057
5 proposal [2.2396018307181352e-08, 10384.529703982602, 14574.347054925789, -0.14168913853067192, 5239.13942331984, 5804.743978514645] 9.038628
6 proposal [2.2396018307181352e-08, 10384.529703982602, 14574.347054925789, -0.14168913853067192, 5854.536807099035, 5804.743978514645] 9.266416
7 proposal [2.2396018307181352e-08, 10384.529703982602, 14574.347054925789, -0.14168913853067192, 4836.079784335413, 5804.743978514645] 9.7365465
8 proposal [2.2396018307181352e-08, 10384.529703982602, 14574.347054925789, -0.14168913853067192, 3909.838865624345, 5804.743978514645] 10.017294
9 proposal [2.2396018307181352e-08, 10384.529703982602, 14574.347054925789, -0.14168913853067192, 8024.045516170798, 5804.743978514645] 8.605367
0 proposal [2.2396018307181352e-08, 10384.529703982602, 14574.347054925789, -0.14168913853067192, 6649.414797932021, 6276.60662565127] 9.043308
1 proposal [2.2396018307181352e-08, 10384.529703982602, 14574.347054925789, -0.14168913853067192, 6649.414797932021, 4677.217118035255] 8.068072
2 proposal [2.2396018307181352e-08, 10384.529703982602, 14574.347054925789, -0.14168913853067192, 6649.414797932021, 2495.9041202486055] 8.128919
3 proposal [2.2396018307181352e-08, 10384.529703982602, 14574.347054925789, -0.14168913853067192, 6649.414797932021, 6564.289066465062] 9.074689
4 proposal [2.2396018307181352e-08, 10384.529703982602, 14574.347054925789, -0.14168913853067192, 6649.414797932021, 9340.068170243547] 9.419986
5 proposal [2.2396018307181352e-08, 10384.529703982602, 14574.347054925789, -0.14168913853067192, 6649.414797932021, 3539.98990265199] 8.656018
6 proposal [2.2396018307181352e-08, 10384.529703982602, 14574.347054925789, -0.14168913853067192, 6649.414797932021, 3527.345104344876] 7.7000628
7 proposal [2.2396018307181352e-08, 10384.529703982602, 14574.347054925789, -0.14168913853067192, 6649.414797932021, 2553.8025721797876] 7.2781925
8 proposal [2.2396018307181352e-08, 10384.529703982602, 14574.347054925789, -0.14168913853067192, 6649.414797932021, 5112.44901463236] 8.982746
9 proposal [2.2396018307181352e-08, 10384.529703982602, 14574.347054925789, -0.14168913853067192, 6649.414797932021, 7108.955408198286] 9.829409
ACCEPTED
Epoch 100, Loss: 1.2973095178604126, Real Acc: 62.0, Fake Acc: 57.99999999999999
T, p_accept, rand, s_current, loss_curr 1.0 1 0.5683566243451499 [2.2396018307181352e-08, 10384.529703982602, 14574.347054925789, -0.14792764633864067, 6649.414797932021, 5804.743978514645] 6.954375

ITER 1
time 10:54:00.304925
0 proposal [2.1503218188629523e-08, 10384.529703982602, 14574.347054925789, -0.14792764633864067, 6649.414797932021, 5804.743978514645] 1.0516193
1 proposal [1.7598846911355876e-08, 10384.529703982602, 14574.347054925789, -0.14792764633864067, 6649.414797932021, 5804.743978514645] 1.0143082
2 proposal [2.4275808717268264e-08, 10384.529703982602, 14574.347054925789, -0.14792764633864067, 6649.414797932021, 5804.743978514645] 1.1691067
3 proposal [2.7321265280223707e-08, 10384.529703982602, 14574.347054925789, -0.14792764633864067, 6649.414797932021, 5804.743978514645] 0.94573516
4 proposal [2.7862737301484994e-08, 10384.529703982602, 14574.347054925789, -0.14792764633864067, 6649.414797932021, 5804.743978514645] 0.9430157
5 proposal [2.008391837412341e-08, 10384.529703982602, 14574.347054925789, -0.14792764633864067, 6649.414797932021, 5804.743978514645] 0.9859709
6 proposal [2.476724762932521e-08, 10384.529703982602, 14574.347054925789, -0.14792764633864067, 6649.414797932021, 5804.743978514645] 0.945364
7 proposal [2.690909934812221e-08, 10384.529703982602, 14574.347054925789, -0.14792764633864067, 6649.414797932021, 5804.743978514645] 1.0384876
8 proposal [2.6104265652666654e-08, 10384.529703982602, 14574.347054925789, -0.14792764633864067, 6649.414797932021, 5804.743978514645] 1.0529419
9 proposal [2.3543115237061898e-08, 10384.529703982602, 14574.347054925789, -0.14792764633864067, 6649.414797932021, 5804.743978514645] 1.0838279
0 proposal [2.2396018307181352e-08, 10166.582559777955, 14574.347054925789, -0.14792764633864067, 6649.414797932021, 5804.743978514645] 1.0614617
1 proposal [2.2396018307181352e-08, 10580.698300424596, 14574.347054925789, -0.14792764633864067, 6649.414797932021, 5804.743978514645] 1.0435953
2 proposal [2.2396018307181352e-08, 10701.055584689122, 14574.347054925789, -0.14792764633864067, 6649.414797932021, 5804.743978514645] 1.0632901
3 proposal [2.2396018307181352e-08, 10480.075576526346, 14574.347054925789, -0.14792764633864067, 6649.414797932021, 5804.743978514645] 1.0412868
4 proposal [2.2396018307181352e-08, 9583.63688202473, 14574.347054925789, -0.14792764633864067, 6649.414797932021, 5804.743978514645] 1.0199728
5 proposal [2.2396018307181352e-08, 9853.666377096342, 14574.347054925789, -0.14792764633864067, 6649.414797932021, 5804.743978514645] 0.98689485
6 proposal [2.2396018307181352e-08, 10786.718747910372, 14574.347054925789, -0.14792764633864067, 6649.414797932021, 5804.743978514645] 0.9584147
7 proposal [2.2396018307181352e-08, 10016.34641045949, 14574.347054925789, -0.14792764633864067, 6649.414797932021, 5804.743978514645] 1.1359683
8 proposal [2.2396018307181352e-08, 11160.677234009992, 14574.347054925789, -0.14792764633864067, 6649.414797932021, 5804.743978514645] 0.98392653
9 proposal [2.2396018307181352e-08, 9993.539922602045, 14574.347054925789, -0.14792764633864067, 6649.414797932021, 5804.743978514645] 1.0008903
0 proposal [2.2396018307181352e-08, 10384.529703982602, 13496.91622424073, -0.14792764633864067, 6649.414797932021, 5804.743978514645] 0.98031235
1 proposal [2.2396018307181352e-08, 10384.529703982602, 13617.197399107823, -0.14792764633864067, 6649.414797932021, 5804.743978514645] 1.0765595
2 proposal [2.2396018307181352e-08, 10384.529703982602, 14745.776275276152, -0.14792764633864067, 6649.414797932021, 5804.743978514645] 1.0045555
3 proposal [2.2396018307181352e-08, 10384.529703982602, 14443.307888631, -0.14792764633864067, 6649.414797932021, 5804.743978514645] 0.96422493
4 proposal [2.2396018307181352e-08, 10384.529703982602, 16001.47676428936, -0.14792764633864067, 6649.414797932021, 5804.743978514645] 1.1150345
5 proposal [2.2396018307181352e-08, 10384.529703982602, 13928.260964085372, -0.14792764633864067, 6649.414797932021, 5804.743978514645] 0.9528929
6 proposal [2.2396018307181352e-08, 10384.529703982602, 15099.847652171298, -0.14792764633864067, 6649.414797932021, 5804.743978514645] 0.92569155
7 proposal [2.2396018307181352e-08, 10384.529703982602, 14578.05650297135, -0.14792764633864067, 6649.414797932021, 5804.743978514645] 1.0324206
8 proposal [2.2396018307181352e-08, 10384.529703982602, 15250.48701575011, -0.14792764633864067, 6649.414797932021, 5804.743978514645] 0.98481905
9 proposal [2.2396018307181352e-08, 10384.529703982602, 14601.151441595242, -0.14792764633864067, 6649.414797932021, 5804.743978514645] 0.9678588
0 proposal [2.2396018307181352e-08, 10384.529703982602, 14574.347054925789, -0.14334876728602486, 6649.414797932021, 5804.743978514645] 1.0434309
1 proposal [2.2396018307181352e-08, 10384.529703982602, 14574.347054925789, -0.15576172722280923, 6649.414797932021, 5804.743978514645] 0.9685761
2 proposal [2.2396018307181352e-08, 10384.529703982602, 14574.347054925789, -0.13845966227434245, 6649.414797932021, 5804.743978514645] 1.0661279
3 proposal [2.2396018307181352e-08, 10384.529703982602, 14574.347054925789, -0.13457070620067535, 6649.414797932021, 5804.743978514645] 1.0758245
4 proposal [2.2396018307181352e-08, 10384.529703982602, 14574.347054925789, -0.13496902757029086, 6649.414797932021, 5804.743978514645] 1.045995
5 proposal [2.2396018307181352e-08, 10384.529703982602, 14574.347054925789, -0.14861916429525313, 6649.414797932021, 5804.743978514645] 0.9666162
6 proposal [2.2396018307181352e-08, 10384.529703982602, 14574.347054925789, -0.1479872601604525, 6649.414797932021, 5804.743978514645] 1.042623
7 proposal [2.2396018307181352e-08, 10384.529703982602, 14574.347054925789, -0.14335768226428233, 6649.414797932021, 5804.743978514645] 0.93367964
8 proposal [2.2396018307181352e-08, 10384.529703982602, 14574.347054925789, -0.1399426109380876, 6649.414797932021, 5804.743978514645] 1.0741224
9 proposal [2.2396018307181352e-08, 10384.529703982602, 14574.347054925789, -0.16725503607597134, 6649.414797932021, 5804.743978514645] 1.0055963
0 proposal [2.2396018307181352e-08, 10384.529703982602, 14574.347054925789, -0.14792764633864067, 8477.769817177332, 5804.743978514645] 0.9872738
1 proposal [2.2396018307181352e-08, 10384.529703982602, 14574.347054925789, -0.14792764633864067, 7451.455895228647, 5804.743978514645] 1.0094781
2 proposal [2.2396018307181352e-08, 10384.529703982602, 14574.347054925789, -0.14792764633864067, 6909.57717521415, 5804.743978514645] 1.0235885
3 proposal [2.2396018307181352e-08, 10384.529703982602, 14574.347054925789, -0.14792764633864067, 7018.433978629847, 5804.743978514645] 1.0064261
4 proposal [2.2396018307181352e-08, 10384.529703982602, 14574.347054925789, -0.14792764633864067, 7028.620767850718, 5804.743978514645] 1.0138489
5 proposal [2.2396018307181352e-08, 10384.529703982602, 14574.347054925789, -0.14792764633864067, 7085.440459703639, 5804.743978514645] 0.93266237
6 proposal [2.2396018307181352e-08, 10384.529703982602, 14574.347054925789, -0.14792764633864067, 6176.776252523808, 5804.743978514645] 0.96919703
7 proposal [2.2396018307181352e-08, 10384.529703982602, 14574.347054925789, -0.14792764633864067, 6835.020123158741, 5804.743978514645] 0.98684394
8 proposal [2.2396018307181352e-08, 10384.529703982602, 14574.347054925789, -0.14792764633864067, 5226.456636877278, 5804.743978514645] 0.92536134
9 proposal [2.2396018307181352e-08, 10384.529703982602, 14574.347054925789, -0.14792764633864067, 6342.165331625859, 5804.743978514645] 0.9803151
0 proposal [2.2396018307181352e-08, 10384.529703982602, 14574.347054925789, -0.14792764633864067, 6649.414797932021, 6608.743723220869] 0.9678957
1 proposal [2.2396018307181352e-08, 10384.529703982602, 14574.347054925789, -0.14792764633864067, 6649.414797932021, 6615.1182628073875] 1.0087698
2 proposal [2.2396018307181352e-08, 10384.529703982602, 14574.347054925789, -0.14792764633864067, 6649.414797932021, 5551.275657660505] 0.9867771
3 proposal [2.2396018307181352e-08, 10384.529703982602, 14574.347054925789, -0.14792764633864067, 6649.414797932021, 5519.121905281461] 0.98311555
4 proposal [2.2396018307181352e-08, 10384.529703982602, 14574.347054925789, -0.14792764633864067, 6649.414797932021, 5101.214832605013] 1.0719457
5 proposal [2.2396018307181352e-08, 10384.529703982602, 14574.347054925789, -0.14792764633864067, 6649.414797932021, 4992.14119407544] 1.0466567
6 proposal [2.2396018307181352e-08, 10384.529703982602, 14574.347054925789, -0.14792764633864067, 6649.414797932021, 5255.996793772191] 1.015942
7 proposal [2.2396018307181352e-08, 10384.529703982602, 14574.347054925789, -0.14792764633864067, 6649.414797932021, 5494.331084017706] 1.0209591
8 proposal [2.2396018307181352e-08, 10384.529703982602, 14574.347054925789, -0.14792764633864067, 6649.414797932021, 5508.966043891195] 0.9624904
9 proposal [2.2396018307181352e-08, 10384.529703982602, 14574.347054925789, -0.14792764633864067, 6649.414797932021, 5324.461028305966] 0.9999266
ACCEPTED
Epoch 100, Loss: 1.1372897624969482, Real Acc: 74.0, Fake Acc: 70.0
T, p_accept, rand, s_current, loss_curr 0.5 1 0.8064927416277482 [2.2396018307181352e-08, 10384.529703982602, 14574.347054925789, -0.14792764633864067, 5226.456636877278, 5804.743978514645] 0.92536134
[[2.2396018307181352e-08, 10384.529703982602, 14574.347054925789, -0.14168913853067192, 6649.414797932021, 5804.743978514645], [2.2396018307181352e-08, 10384.529703982602, 14574.347054925789, -0.14792764633864067, 6649.414797932021, 5804.743978514645], [2.2396018307181352e-08, 10384.529703982602, 14574.347054925789, -0.14792764633864067, 5226.456636877278, 5804.743978514645]]
[8.852558, 6.954375, 0.92536134]
